<?xml version="1.0" encoding="UTF-8"?>
<testsuite xmlns:xsi="http://www.w3.org/2001/XMLSchema-instance" xsi:noNamespaceSchemaLocation="https://maven.apache.org/surefire/maven-surefire-plugin/xsd/surefire-test-report.xsd" name="GetUserOrdersTest" time="3.921" tests="2" errors="0" skipped="0" failures="0">
  <properties>
[...]
</properties>
  <testcase name="authorizedGetOrdersTest" classname="GetUserOrdersTest" time="2.737"/>
  <testcase name="unauthorizedGetOrdersTest" classname="GetUserOrdersTest" time="1.166"/>
</testsuite>